<?xml version="1.0" encoding="UTF-8"?>
<!-- Generated by org.testng.reporters.JUnitReportReporter -->
<testsuite skipped="0" hostname="60RJXZ1" name="com.romanceabroad.ui.RegistrationTests" tests="9" failures="0" timestamp="09 Aug 2019 00:02:38 GMT" time="262.789" errors="0">
  <testcase name="testRegistration2" time="19.047" classname="com.romanceabroad.ui.RegistrationTests"/>
  <testcase name="testRegistration2" time="15.027" classname="com.romanceabroad.ui.RegistrationTests"/>
  <testcase name="testRegistration2" time="55.882" classname="com.romanceabroad.ui.RegistrationTests"/>
  <testcase name="testRegistration2" time="56.538" classname="com.romanceabroad.ui.RegistrationTests"/>
  <testcase name="testRegistration2" time="24.647" classname="com.romanceabroad.ui.RegistrationTests"/>
  <testcase name="testRegistration2" time="26.382" classname="com.romanceabroad.ui.RegistrationTests"/>
  <testcase name="testRegistration2" time="15.351" classname="com.romanceabroad.ui.RegistrationTests"/>
  <testcase name="testRegistration2" time="25.928" classname="com.romanceabroad.ui.RegistrationTests"/>
  <testcase name="testRegistration2" time="23.987" classname="com.romanceabroad.ui.RegistrationTests"/>
</testsuite> <!-- com.romanceabroad.ui.RegistrationTests -->
