<?xml version="1.0" encoding="UTF-8"?>
<!-- Generated by org.testng.reporters.JUnitReportReporter -->
<testsuite skipped="0" hostname="60RJXZ1" name="com.romanceabroad.ui.Drafts2" tests="1" failures="0" timestamp="08 Aug 2019 23:18:54 GMT" time="0.022" errors="0">
  <testcase name="test" time="0.022" classname="com.romanceabroad.ui.Drafts2"/>
</testsuite> <!-- com.romanceabroad.ui.Drafts2 -->
